1596471087201	geckodriver	INFO	Listening on 127.0.0.1:43445
1596471087205	webdriver::command	WARN	You are using deprecated legacy session negotiation patterns (desiredCapabilities/requiredCapabilities), see https://developer.mozilla.org/en-US/docs/Web/WebDriver/Capabilities#Legacy
1596471087206	mozrunner::runner	INFO	Running command: "/usr/bin/firefox" "--marionette" "-foreground" "-no-remote" "-profile" "/tmp/rust_mozprofileAJYNjf"
console.error: SearchCache: "_readCacheFile: Error reading cache file:" (new Error("", "(unknown module)"))
JavaScript error: resource://gre/modules/TelemetryUtils.jsm, line 159: TypeError: date is undefined
1596471091971	Marionette	INFO	Listening on port 35021
1596471163496	Marionette	INFO	Stopped listening on port 35021
1596471176470	geckodriver	INFO	Listening on 127.0.0.1:38729
1596471176473	webdriver::command	WARN	You are using deprecated legacy session negotiation patterns (desiredCapabilities/requiredCapabilities), see https://developer.mozilla.org/en-US/docs/Web/WebDriver/Capabilities#Legacy
1596471176475	mozrunner::runner	INFO	Running command: "/usr/bin/firefox" "--marionette" "-foreground" "-no-remote" "-profile" "/tmp/rust_mozprofileYqZ7p3"
console.error: SearchCache: "_readCacheFile: Error reading cache file:" (new Error("", "(unknown module)"))
JavaScript error: resource://gre/modules/TelemetryUtils.jsm, line 159: TypeError: date is undefined
1596471180603	Marionette	INFO	Listening on port 43077
1596471187125	Marionette	INFO	Stopped listening on port 43077
1596472003624	geckodriver	INFO	Listening on 127.0.0.1:59783
1596472003628	webdriver::command	WARN	You are using deprecated legacy session negotiation patterns (desiredCapabilities/requiredCapabilities), see https://developer.mozilla.org/en-US/docs/Web/WebDriver/Capabilities#Legacy
1596472003629	mozrunner::runner	INFO	Running command: "/usr/bin/firefox" "--marionette" "-foreground" "-no-remote" "-profile" "/tmp/rust_mozprofileXoaoNV"
console.error: SearchCache: "_readCacheFile: Error reading cache file:" (new Error("", "(unknown module)"))
JavaScript error: resource://gre/modules/TelemetryUtils.jsm, line 159: TypeError: date is undefined
1596472008192	Marionette	INFO	Listening on port 40829
1596472098129	geckodriver	INFO	Listening on 127.0.0.1:53277
1596472098134	mozrunner::runner	INFO	Running command: "/usr/bin/firefox" "--marionette" "-foreground" "-no-remote" "-profile" "/tmp/rust_mozprofileubUSXK"
console.error: SearchCache: "_readCacheFile: Error reading cache file:" (new Error("", "(unknown module)"))
JavaScript error: resource://gre/modules/TelemetryUtils.jsm, line 159: TypeError: date is undefined
1596472103716	Marionette	INFO	Listening on port 36383
1596472103755	Marionette	WARN	TLS certificate errors will be ignored for this session
1596472109692	Marionette	INFO	Stopped listening on port 36383
1596472133580	geckodriver	INFO	Listening on 127.0.0.1:45545
1596472133585	mozrunner::runner	INFO	Running command: "/usr/bin/firefox" "--marionette" "-foreground" "-no-remote" "-profile" "/tmp/rust_mozprofileTeiLxt"
console.error: SearchCache: "_readCacheFile: Error reading cache file:" (new Error("", "(unknown module)"))
JavaScript error: resource://gre/modules/TelemetryUtils.jsm, line 159: TypeError: date is undefined
1596472138957	Marionette	INFO	Listening on port 43555
1596472139041	Marionette	WARN	TLS certificate errors will be ignored for this session
1596472152121	geckodriver	INFO	Listening on 127.0.0.1:56553
1596472152126	mozrunner::runner	INFO	Running command: "/usr/bin/firefox" "--marionette" "-foreground" "-no-remote" "-profile" "/tmp/rust_mozprofile0iKogG"
console.error: SearchCache: "_readCacheFile: Error reading cache file:" (new Error("", "(unknown module)"))
JavaScript error: resource://gre/modules/TelemetryUtils.jsm, line 159: TypeError: date is undefined
1596472157372	Marionette	INFO	Listening on port 36041
1596472157447	Marionette	WARN	TLS certificate errors will be ignored for this session
1596472164869	Marionette	INFO	Stopped listening on port 43555
1596472164875	Marionette	INFO	Stopped listening on port 36041
1596472290272	geckodriver	INFO	Listening on 127.0.0.1:47103
1596472290277	mozrunner::runner	INFO	Running command: "/usr/bin/firefox" "--marionette" "-foreground" "-no-remote" "-profile" "/tmp/rust_mozprofileTJvrgD"
console.error: SearchCache: "_readCacheFile: Error reading cache file:" (new Error("", "(unknown module)"))
JavaScript error: resource://gre/modules/TelemetryUtils.jsm, line 159: TypeError: date is undefined
1596472295317	Marionette	INFO	Listening on port 40353
1596472295394	Marionette	WARN	TLS certificate errors will be ignored for this session
console.warn: LoginRecipes: "getRecipes: falling back to a synchronous message for:" "https://coco.fr"
1596472513503	geckodriver	INFO	Listening on 127.0.0.1:44339
1596472513508	mozrunner::runner	INFO	Running command: "/usr/bin/firefox" "--marionette" "-foreground" "-no-remote" "-profile" "/tmp/rust_mozprofile3mgsMJ"
console.error: SearchCache: "_readCacheFile: Error reading cache file:" (new Error("", "(unknown module)"))
JavaScript error: resource://gre/modules/TelemetryUtils.jsm, line 159: TypeError: date is undefined
1596472517695	Marionette	INFO	Listening on port 39431
1596472517729	Marionette	WARN	TLS certificate errors will be ignored for this session
1596472740227	Marionette	INFO	Stopped listening on port 40353
1596472743547	Marionette	INFO	Stopped listening on port 39431
1596472755917	geckodriver	INFO	Listening on 127.0.0.1:60899
1596472755923	webdriver::command	WARN	You are using deprecated legacy session negotiation patterns (desiredCapabilities/requiredCapabilities), see https://developer.mozilla.org/en-US/docs/Web/WebDriver/Capabilities#Legacy
1596472755926	mozrunner::runner	INFO	Running command: "/usr/bin/firefox" "--marionette" "-foreground" "-no-remote" "-profile" "/tmp/rust_mozprofilexVwIlk"
console.error: SearchCache: "_readCacheFile: Error reading cache file:" (new Error("", "(unknown module)"))
JavaScript error: resource://gre/modules/TelemetryUtils.jsm, line 159: TypeError: date is undefined
1596472760849	Marionette	INFO	Listening on port 38431
1596472764489	Marionette	INFO	Stopped listening on port 38431
1596472767840	geckodriver	INFO	Listening on 127.0.0.1:54657
1596472767844	mozrunner::runner	INFO	Running command: "/usr/bin/firefox" "--marionette" "-foreground" "-no-remote" "-profile" "/tmp/rust_mozprofilePMFa6t"
console.error: SearchCache: "_readCacheFile: Error reading cache file:" (new Error("", "(unknown module)"))
JavaScript error: resource://gre/modules/TelemetryUtils.jsm, line 159: TypeError: date is undefined
1596472774158	Marionette	INFO	Listening on port 39277
1596472774180	Marionette	WARN	TLS certificate errors will be ignored for this session
1596472809164	Marionette	INFO	Stopped listening on port 39277
1596472812339	geckodriver	INFO	Listening on 127.0.0.1:35045
1596472812344	mozrunner::runner	INFO	Running command: "/usr/bin/firefox" "--marionette" "-foreground" "-no-remote" "-profile" "/tmp/rust_mozprofileFhfgJ5"
console.error: SearchCache: "_readCacheFile: Error reading cache file:" (new Error("", "(unknown module)"))
JavaScript error: resource://gre/modules/TelemetryUtils.jsm, line 159: TypeError: date is undefined
1596472817910	Marionette	INFO	Listening on port 46245
1596472817967	Marionette	WARN	TLS certificate errors will be ignored for this session
1596472826072	Marionette	INFO	Stopped listening on port 46245
1596472869943	geckodriver	INFO	Listening on 127.0.0.1:54797
1596472869948	mozrunner::runner	INFO	Running command: "/usr/bin/firefox" "--marionette" "-foreground" "-no-remote" "-profile" "/tmp/rust_mozprofile04Zmph"
console.error: SearchCache: "_readCacheFile: Error reading cache file:" (new Error("", "(unknown module)"))
JavaScript error: resource://gre/modules/TelemetryUtils.jsm, line 159: TypeError: date is undefined
1596472875191	Marionette	INFO	Listening on port 42807
1596472875283	Marionette	WARN	TLS certificate errors will be ignored for this session
1596472883066	Marionette	INFO	Stopped listening on port 42807
1596482400142	Marionette	INFO	Stopped listening on port 40829
1596482402049	geckodriver	INFO	Listening on 127.0.0.1:58609
1596482402062	mozrunner::runner	INFO	Running command: "/usr/bin/firefox" "--marionette" "-foreground" "-no-remote" "-profile" "/tmp/rust_mozprofilecQDvJN"
console.error: SearchCache: "_readCacheFile: Error reading cache file:" (new Error("", "(unknown module)"))
JavaScript error: resource://gre/modules/TelemetryUtils.jsm, line 159: TypeError: date is undefined
1596482407418	Marionette	INFO	Listening on port 46353
1596482407488	Marionette	WARN	TLS certificate errors will be ignored for this session
console.error: "Error while calling actor 'pagestyle's method 'getUsedFontFaces'" "node is null"
console.error: "getUsedFontFaces@resource://devtools/server/actors/styles.js:384:24\nhandler@resource://devtools/shared/protocol/Actor.js:162:37\nonPacket@resource://devtools/server/devtools-server-connection.js:379:58\nreceiveMessage@resource://devtools/shared/transport/child-transport.js:66:16\n"
console.error: "Could not get the list of font families" (new Error("Protocol error (TypeError): node is null from: server0.conn0.child2/pagestyle37 (resource://devtools/server/actors/styles.js:384:24)", "resource://devtools/shared/protocol/Front.js", 323))
1596482533337	Marionette	INFO	Stopped listening on port 46353
1596482954341	geckodriver	INFO	Listening on 127.0.0.1:60151
1596482954346	mozrunner::runner	INFO	Running command: "/usr/bin/firefox" "--marionette" "-foreground" "-no-remote" "-profile" "/tmp/rust_mozprofileXvKvAt"
console.error: SearchCache: "_readCacheFile: Error reading cache file:" (new Error("", "(unknown module)"))
JavaScript error: resource://gre/modules/TelemetryUtils.jsm, line 159: TypeError: date is undefined
1596482958902	Marionette	INFO	Listening on port 38215
1596482958964	Marionette	WARN	TLS certificate errors will be ignored for this session
1596482984150	Marionette	INFO	Stopped listening on port 38215
1596483051748	geckodriver	INFO	Listening on 127.0.0.1:34613
1596483051754	mozrunner::runner	INFO	Running command: "/usr/bin/firefox" "--marionette" "-foreground" "-no-remote" "-profile" "/tmp/rust_mozprofile1vTsDJ"
console.error: SearchCache: "_readCacheFile: Error reading cache file:" (new Error("", "(unknown module)"))
JavaScript error: resource://gre/modules/TelemetryUtils.jsm, line 159: TypeError: date is undefined
1596483056539	Marionette	INFO	Listening on port 36791
1596483056579	Marionette	WARN	TLS certificate errors will be ignored for this session
1596483146146	Marionette	INFO	Stopped listening on port 36791
1596483313465	geckodriver	INFO	Listening on 127.0.0.1:58323
1596483313468	webdriver::command	WARN	You are using deprecated legacy session negotiation patterns (desiredCapabilities/requiredCapabilities), see https://developer.mozilla.org/en-US/docs/Web/WebDriver/Capabilities#Legacy
1596483313470	mozrunner::runner	INFO	Running command: "/usr/bin/firefox" "--marionette" "-foreground" "-no-remote" "-profile" "/tmp/rust_mozprofilebPLibd"
1596483316986	geckodriver	INFO	Listening on 127.0.0.1:45729
1596483316990	mozrunner::runner	INFO	Running command: "/usr/bin/firefox" "--marionette" "-foreground" "-no-remote" "-profile" "/tmp/rust_mozprofileAzvixH"
console.error: SearchCache: "_readCacheFile: Error reading cache file:" (new Error("", "(unknown module)"))
JavaScript error: resource://gre/modules/TelemetryUtils.jsm, line 159: TypeError: date is undefined
1596483321118	Marionette	INFO	Listening on port 46239
1596483321207	Marionette	WARN	TLS certificate errors will be ignored for this session
console.error: (new Error("Protocol error (noSuchActor): No such actor for ID: server0.conn0.child2/domnode50 from: server0.conn0.child2/domnode50", "resource://devtools/shared/protocol/Front.js", 323))
console.warn: ({})
console.error: "Error while calling actor 'pagestyle's method 'getUsedFontFaces'" "node is null"
console.error: "getUsedFontFaces@resource://devtools/server/actors/styles.js:384:24\nhandler@resource://devtools/shared/protocol/Actor.js:162:37\nonPacket@resource://devtools/server/devtools-server-connection.js:379:58\nreceiveMessage@resource://devtools/shared/transport/child-transport.js:66:16\n"
console.error: "Could not get the list of font families" (new Error("Protocol error (TypeError): node is null from: server0.conn0.child2/pagestyle45 (resource://devtools/server/actors/styles.js:384:24)", "resource://devtools/shared/protocol/Front.js", 323))
1596483652047	Marionette	INFO	Stopped listening on port 46239
1596483858095	geckodriver	INFO	Listening on 127.0.0.1:35865
1596483858100	mozrunner::runner	INFO	Running command: "/usr/bin/firefox" "--marionette" "-foreground" "-no-remote" "-profile" "/tmp/rust_mozprofilezgz3pD"
console.error: SearchCache: "_readCacheFile: Error reading cache file:" (new Error("", "(unknown module)"))
JavaScript error: resource://gre/modules/TelemetryUtils.jsm, line 159: TypeError: date is undefined
1596483863851	Marionette	INFO	Listening on port 35159
1596483863924	Marionette	WARN	TLS certificate errors will be ignored for this session
console.log: "getSources failed. Connection may have closed: Error: Connection closed, pending request to server0.conn0.child2/thread21, type sources failed\n\nRequest stack:\nrequest@resource://devtools/shared/protocol/Front.js:256:14\ngenerateRequestMethods/</frontProto[name]@resource://devtools/shared/protocol/Front/FrontClassWithSpec.js:47:19\ngetSources@resource://devtools/client/fronts/thread.js:188:34\n_ensureAllSourcesPopulated/<@resource://devtools/client/framework/source-map-url-service.js:472:53\n_ensureAllSourcesPopulated/sourcesLoading<@resource://devtools/client/framework/source-map-url-service.js:483:13\n_ensureAllSourcesPopulated@resource://devtools/client/framework/source-map-url-service.js:485:9\nsubscribeByURL@resource://devtools/client/framework/source-map-url-service.js:120:10\nsubscribeByLocation@resource://devtools/client/framework/source-map-url-service.js:164:17\ncomponentWillMount@resource://devtools/client/shared/components/Frame.js:104:73\ncallComponentWillMount@resource://devtools/client/shared/vendor/react-dom.js:8286:14\nmountClassInstance@resource://devtools/client/shared/vendor/react-dom.js:8345:27\nupdateClassComponent@resource://devtools/client/shared/vendor/react-dom.js:10593:23\nbeginWork@resource://devtools/client/shared/vendor/react-dom.js:11419:16\nperformUnitOfWork@resource://devtools/client/shared/vendor/react-dom.js:14702:12\nworkLoop@resource://devtools/client/shared/vendor/react-dom.js:14720:24\nrenderRoot@resource://devtools/client/shared/vendor/react-dom.js:14803:15\nperformWorkOnRoot@resource://devtools/client/shared/vendor/react-dom.js:15655:17\nperformWork@resource://devtools/client/shared/vendor/react-dom.js:15567:24\nperformSyncWork@resource://devtools/client/shared/vendor/react-dom.js:15541:14\nrequestWork@resource://devtools/client/shared/vendor/react-dom.js:15410:5\nscheduleWork@resource://devtools/client/shared/vendor/react-dom.js:15224:16\nenqueueSetState@resource://devtools/client/shared/vendor/react-dom.js:8192:17\nComponent.prototype.setState@resource://devtools/client/shared/vendor/react.js:328:16\nonStateChange@resource://devtools/client/shared/vendor/react-redux.js:1412:16\nnotify@resource://devtools/client/shared/vendor/react-redux.js:1159:21\nnotifyNestedSubs@resource://devtools/client/shared/vendor/react-redux.js:1198:20\nonStateChange@resource://devtools/client/shared/vendor/react-redux.js:1409:16\ndispatch@resource://devtools/client/shared/vendor/redux.js:265:7\neventTelemetryMiddleware/</<@resource://devtools/client/webconsole/middleware/event-telemetry.js:25:21\nhistoryPersistenceMiddleware/</<@resource://devtools/client/webconsole/middleware/history-persistence.js:37:21\nthunkWithOptions/</<@resource://devtools/client/shared/redux/middleware/thunk-with-options.js:17:9\nignore/</<@resource://devtools/client/shared/redux/middleware/ignore.js:28:12\nsetTimeoutIfNeeded/this.throttledDispatchPromise</<@resource://devtools/client/webconsole/webconsole-wrapper.js:328:15\n"
1596484173121	Marionette	INFO	Stopped listening on port 35159
1596484856884	geckodriver	INFO	Listening on 127.0.0.1:54409
1596484857891	mozrunner::runner	INFO	Running command: "/usr/bin/firefox" "--marionette" "-foreground" "-no-remote" "-profile" "/tmp/rust_mozprofileE6b40M"
console.error: SearchCache: "_readCacheFile: Error reading cache file:" (new Error("", "(unknown module)"))
JavaScript error: resource://gre/modules/TelemetryUtils.jsm, line 159: TypeError: date is undefined
1596484865557	Marionette	INFO	Listening on port 37719
1596484865592	Marionette	WARN	TLS certificate errors will be ignored for this session
1596484877946	Marionette	INFO	Stopped listening on port 37719
1596484888050	geckodriver	INFO	Listening on 127.0.0.1:46181
1596484888057	mozrunner::runner	INFO	Running command: "/usr/bin/firefox" "--marionette" "-foreground" "-no-remote" "-profile" "/tmp/rust_mozprofilePEqRUy"
console.error: SearchCache: "_readCacheFile: Error reading cache file:" (new Error("", "(unknown module)"))
JavaScript error: resource://gre/modules/TelemetryUtils.jsm, line 159: TypeError: date is undefined
1596484893209	Marionette	INFO	Listening on port 34941
1596484893277	Marionette	WARN	TLS certificate errors will be ignored for this session
1596484906138	Marionette	INFO	Stopped listening on port 34941
1596484924683	geckodriver	INFO	Listening on 127.0.0.1:55901
1596484924690	mozrunner::runner	INFO	Running command: "/usr/bin/firefox" "--marionette" "-foreground" "-no-remote" "-profile" "/tmp/rust_mozprofileV72pu0"
console.error: SearchCache: "_readCacheFile: Error reading cache file:" (new Error("", "(unknown module)"))
JavaScript error: resource://gre/modules/TelemetryUtils.jsm, line 159: TypeError: date is undefined
1596484929426	Marionette	INFO	Listening on port 36209
Exiting due to channel error.
Exiting due to channel error.
Exiting due to channel error.
1596484948799	geckodriver	INFO	Listening on 127.0.0.1:44795
1596484948803	mozrunner::runner	INFO	Running command: "/usr/bin/firefox" "--marionette" "-foreground" "-no-remote" "-profile" "/tmp/rust_mozprofile4luVOh"
console.error: SearchCache: "_readCacheFile: Error reading cache file:" (new Error("", "(unknown module)"))
JavaScript error: resource://gre/modules/TelemetryUtils.jsm, line 159: TypeError: date is undefined
1596484953610	Marionette	INFO	Listening on port 39963
1596484953644	Marionette	WARN	TLS certificate errors will be ignored for this session
console.error: "navigated; resolution of _defaultNode aborted"
console.error: "Error writing request: getGrids"
console.error: "Error while calling actor 'pagestyle's method 'getUsedFontFaces'" "node is null"
console.error: "getUsedFontFaces@resource://devtools/server/actors/styles.js:384:24\nhandler@resource://devtools/shared/protocol/Actor.js:162:37\nonPacket@resource://devtools/server/devtools-server-connection.js:379:58\nreceiveMessage@resource://devtools/shared/transport/child-transport.js:66:16\n"
console.error: "Could not get the list of font families" (new Error("Protocol error (TypeError): node is null from: server0.conn0.child2/pagestyle38 (resource://devtools/server/actors/styles.js:384:24)", "resource://devtools/shared/protocol/Front.js", 323))
Exiting due to channel error.
Exiting due to channel error.
Exiting due to channel error.
1596485112839	geckodriver	INFO	Listening on 127.0.0.1:49651
1596485112844	mozrunner::runner	INFO	Running command: "/usr/bin/firefox" "--marionette" "-foreground" "-no-remote" "-profile" "/tmp/rust_mozprofileZIEPtL"
console.error: SearchCache: "_readCacheFile: Error reading cache file:" (new Error("", "(unknown module)"))
JavaScript error: resource://gre/modules/TelemetryUtils.jsm, line 159: TypeError: date is undefined
1596485117321	Marionette	INFO	Listening on port 46307
1596485117404	Marionette	WARN	TLS certificate errors will be ignored for this session
Exiting due to channel error.
Exiting due to channel error.
Exiting due to channel error.
Exiting due to channel error.
1596485291664	geckodriver	INFO	Listening on 127.0.0.1:52229
1596485291669	mozrunner::runner	INFO	Running command: "/usr/bin/firefox" "--marionette" "-foreground" "-no-remote" "-profile" "/tmp/rust_mozprofilel8f6Mz"
console.error: SearchCache: "_readCacheFile: Error reading cache file:" (new Error("", "(unknown module)"))
JavaScript error: resource://gre/modules/TelemetryUtils.jsm, line 159: TypeError: date is undefined
1596485295918	Marionette	INFO	Listening on port 40253
1596485295992	Marionette	WARN	TLS certificate errors will be ignored for this session
1596485309405	Marionette	INFO	Stopped listening on port 40253
1596485364960	geckodriver	INFO	Listening on 127.0.0.1:46133
1596485364965	mozrunner::runner	INFO	Running command: "/usr/bin/firefox" "--marionette" "-foreground" "-no-remote" "-profile" "/tmp/rust_mozprofilexkCTwl"
console.error: SearchCache: "_readCacheFile: Error reading cache file:" (new Error("", "(unknown module)"))
JavaScript error: resource://gre/modules/TelemetryUtils.jsm, line 159: TypeError: date is undefined
1596485369443	Marionette	INFO	Listening on port 33055
1596485369481	Marionette	WARN	TLS certificate errors will be ignored for this session
1596485753312	Marionette	INFO	Stopped listening on port 33055
